# JRE version: OpenJDK Runtime Environment Temurin-11.0.16.1+1 (11.0.16.1+1) (build 11.0.16.1+1)
# Java VM: OpenJDK 64-Bit Server VM Temurin-11.0.16.1+1 (11.0.16.1+1, mixed mode, tiered, compressed oops, g1 gc, windows-amd64)
Heap:
 garbage-first heap   total 577536K, used 246946K [0x0000000080000000, 0x0000000100000000)
  region size 1024K, 2 young (2048K), 2 survivors (2048K)
 Metaspace       used 194084K, capacity 200400K, committed 200660K, reserved 690176K
  class space    used 24907K, capacity 27324K, committed 27392K, reserved 516096K
GC Heap History (20 events):
Event: 9338.993 GC heap after
{Heap after GC invocations=150 (full 0):
 garbage-first heap   total 327680K, used 226705K [0x0000000080000000, 0x0000000100000000)
  region size 1024K, 3 young (3072K), 3 survivors (3072K)
 Metaspace       used 191368K, capacity 197718K, committed 197972K, reserved 688128K
  class space    used 24804K, capacity 27177K, committed 27264K, reserved 516096K
}
Event: 9381.505 GC heap before
{Heap before GC invocations=151 (full 0):
 garbage-first heap   total 327680K, used 276881K [0x0000000080000000, 0x0000000100000000)
  region size 1024K, 53 young (54272K), 3 survivors (3072K)
 Metaspace       used 192261K, capacity 198686K, committed 198868K, reserved 688128K
  class space    used 24865K, capacity 27306K, committed 27392K, reserved 516096K
}
Event: 9382.292 GC heap after
{Heap after GC invocations=152 (full 0):
 garbage-first heap   total 397312K, used 225371K [0x0000000080000000, 0x0000000100000000)
  region size 1024K, 4 young (4096K), 4 survivors (4096K)
 Metaspace       used 192261K, capacity 198686K, committed 198868K, reserved 688128K
  class space    used 24865K, capacity 27306K, committed 27392K, reserved 516096K
}
Event: 9383.048 GC heap before
{Heap before GC invocations=152 (full 0):
 garbage-first heap   total 397312K, used 227419K [0x0000000080000000, 0x0000000100000000)
  region size 1024K, 7 young (7168K), 4 survivors (4096K)
 Metaspace       used 192274K, capacity 198687K, committed 198868K, reserved 688128K
  class space    used 24865K, capacity 27306K, committed 27392K, reserved 516096K
}
Event: 9383.157 GC heap after
{Heap after GC invocations=153 (full 0):
 garbage-first heap   total 397312K, used 226023K [0x0000000080000000, 0x0000000100000000)
  region size 1024K, 2 young (2048K), 2 survivors (2048K)
 Metaspace       used 192274K, capacity 198687K, committed 198868K, reserved 688128K
  class space    used 24865K, capacity 27306K, committed 27392K, reserved 516096K
}
Event: 9393.700 GC heap before
{Heap before GC invocations=154 (full 0):
 garbage-first heap   total 397312K, used 271079K [0x0000000080000000, 0x0000000100000000)
  region size 1024K, 43 young (44032K), 2 survivors (2048K)
 Metaspace       used 192303K, capacity 198611K, committed 198868K, reserved 688128K
  class space    used 24832K, capacity 27246K, committed 27392K, reserved 516096K
}
Event: 9393.714 GC heap after
{Heap after GC invocations=155 (full 0):
 garbage-first heap   total 397312K, used 233794K [0x0000000080000000, 0x0000000100000000)
  region size 1024K, 6 young (6144K), 6 survivors (6144K)
 Metaspace       used 192303K, capacity 198611K, committed 198868K, reserved 688128K
  class space    used 24832K, capacity 27246K, committed 27392K, reserved 516096K
}
Event: 9395.035 GC heap before
{Heap before GC invocations=155 (full 0):
 garbage-first heap   total 397312K, used 247106K [0x0000000080000000, 0x0000000100000000)
  region size 1024K, 19 young (19456K), 6 survivors (6144K)
 Metaspace       used 192418K, capacity 198749K, committed 199124K, reserved 688128K
  class space    used 24832K, capacity 27246K, committed 27392K, reserved 516096K
}
Event: 9395.524 GC heap after
{Heap after GC invocations=156 (full 0):
 garbage-first heap   total 397312K, used 234422K [0x0000000080000000, 0x0000000100000000)
  region size 1024K, 3 young (3072K), 3 survivors (3072K)
 Metaspace       used 192418K, capacity 198749K, committed 199124K, reserved 688128K
  class space    used 24832K, capacity 27246K, committed 27392K, reserved 516096K
}
Event: 9401.372 GC heap before
{Heap before GC invocations=157 (full 0):
 garbage-first heap   total 397312K, used 311222K [0x0000000080000000, 0x0000000100000000)
  region size 1024K, 75 young (76800K), 3 survivors (3072K)
 Metaspace       used 192691K, capacity 198977K, committed 199380K, reserved 690176K
  class space    used 24828K, capacity 27229K, committed 27392K, reserved 516096K
}
Event: 9401.417 GC heap after
{Heap after GC invocations=158 (full 0):
 garbage-first heap   total 397312K, used 244220K [0x0000000080000000, 0x0000000100000000)
  region size 1024K, 9 young (9216K), 9 survivors (9216K)
 Metaspace       used 192691K, capacity 198977K, committed 199380K, reserved 690176K
  class space    used 24828K, capacity 27229K, committed 27392K, reserved 516096K
}
Event: 9401.526 GC heap before
{Heap before GC invocations=158 (full 0):
 garbage-first heap   total 397312K, used 254460K [0x0000000080000000, 0x0000000100000000)
  region size 1024K, 19 young (19456K), 9 survivors (9216K)
 Metaspace       used 192736K, capacity 199045K, committed 199380K, reserved 690176K
  class space    used 24831K, capacity 27230K, committed 27392K, reserved 516096K
}
Event: 9401.590 GC heap after
{Heap after GC invocations=159 (full 0):
 garbage-first heap   total 397312K, used 243009K [0x0000000080000000, 0x0000000100000000)
  region size 1024K, 3 young (3072K), 3 survivors (3072K)
 Metaspace       used 192736K, capacity 199045K, committed 199380K, reserved 690176K
  class space    used 24831K, capacity 27230K, committed 27392K, reserved 516096K
}
Event: 9401.858 GC heap before
{Heap before GC invocations=159 (full 0):
 garbage-first heap   total 397312K, used 267585K [0x0000000080000000, 0x0000000100000000)
  region size 1024K, 27 young (27648K), 3 survivors (3072K)
 Metaspace       used 192946K, capacity 199263K, committed 199636K, reserved 690176K
  class space    used 24841K, capacity 27236K, committed 27392K, reserved 516096K
}
Event: 9401.895 GC heap after
{Heap after GC invocations=160 (full 0):
 garbage-first heap   total 397312K, used 248314K [0x0000000080000000, 0x0000000100000000)
  region size 1024K, 4 young (4096K), 4 survivors (4096K)
 Metaspace       used 192946K, capacity 199263K, committed 199636K, reserved 690176K
  class space    used 24841K, capacity 27236K, committed 27392K, reserved 516096K
}
Event: 9402.764 GC heap before
{Heap before GC invocations=161 (full 0):
 garbage-first heap   total 397312K, used 281082K [0x0000000080000000, 0x0000000100000000)
  region size 1024K, 37 young (37888K), 4 survivors (4096K)
 Metaspace       used 193815K, capacity 200176K, committed 200404K, reserved 690176K
  class space    used 24899K, capacity 27322K, committed 27392K, reserved 516096K
}
Event: 9403.003 GC heap after
{Heap after GC invocations=162 (full 0):
 garbage-first heap   total 397312K, used 252928K [0x0000000080000000, 0x0000000100000000)
  region size 1024K, 5 young (5120K), 5 survivors (5120K)
 Metaspace       used 193815K, capacity 200176K, committed 200404K, reserved 690176K
  class space    used 24899K, capacity 27322K, committed 27392K, reserved 516096K
}
Event: 9403.101 GC heap before
{Heap before GC invocations=162 (full 0):
 garbage-first heap   total 397312K, used 266240K [0x0000000080000000, 0x0000000100000000)
  region size 1024K, 19 young (19456K), 5 survivors (5120K)
 Metaspace       used 193882K, capacity 200247K, committed 200404K, reserved 690176K
  class space    used 24899K, capacity 27323K, committed 27392K, reserved 516096K
}
Event: 9403.360 GC heap after
{Heap after GC invocations=163 (full 0):
 garbage-first heap   total 397312K, used 245354K [0x0000000080000000, 0x0000000100000000)
  region size 1024K, 3 young (3072K), 3 survivors (3072K)
 Metaspace       used 193882K, capacity 200247K, committed 200404K, reserved 690176K
  class space    used 24899K, capacity 27323K, committed 27392K, reserved 516096K
}
Event: 9403.563 GC heap before
{Heap before GC invocations=163 (full 0):
 garbage-first heap   total 397312K, used 265834K [0x0000000080000000, 0x0000000100000000)
  region size 1024K, 24 young (24576K), 3 survivors (3072K)
 Metaspace       used 194084K, capacity 200400K, committed 200660K, reserved 690176K
  class space    used 24907K, capacity 27324K, committed 27392K, reserved 516096K
}

